#
# There is insufficient memory for the Java Runtime Environment to continue.
# Native memory allocation (malloc) failed to allocate 32744 bytes for ChunkPool::allocate
# Possible reasons:
#   The system is out of physical RAM or swap space
#   The process is running with CompressedOops enabled, and the Java Heap may be blocking the growth of the native heap
# Possible solutions:
#   Reduce memory load on the system
#   Increase physical memory or swap space
#   Check if swap backing store is full
#   Decrease Java heap size (-Xmx/-Xms)
#   Decrease number of Java threads
#   Decrease Java thread stack sizes (-Xss)
#   Set larger code cache with -XX:ReservedCodeCacheSize=
#   JVM is running with Zero Based Compressed Oops mode in which the Java heap is
#     placed in the first 32GB address space. The Java Heap base address is the
#     maximum limit for the native heap growth. Please use -XX:HeapBaseMinAddress
#     to set the Java Heap base and to place the Java Heap above 32GB virtual address.
# This output file may be truncated or incomplete.
#
#  Out of Memory Error (allocation.cpp:273), pid=17124, tid=0x000000000000ac34
#
# JRE version: Java(TM) SE Runtime Environment (8.0_201-b09) (build 1.8.0_201-b09)
# Java VM: Java HotSpot(TM) 64-Bit Server VM (25.201-b09 mixed mode windows-amd64 compressed oops)
# Core dump written. Default location: C:\Users\Praveen Kumar Voora\eclipse-workspace\INMARSAT BTP Regression\BTP_Regression\hs_err_pid17124.mdmp
#

---------------  T H R E A D  ---------------

Current thread (0x000000001d777800):  JavaThread "C1 CompilerThread2" daemon [_thread_in_native, id=44084, stack(0x000000001dbb0000,0x000000001dcb0000)]

Stack: [0x000000001dbb0000,0x000000001dcb0000]
[error occurred during error reporting (printing stack bounds), id 0xc0000005]

Native frames: (J=compiled Java code, j=interpreted, Vv=VM code, C=native code)


Current CompileTask:
C1:  14564 1513   !   3       org.apache.fontbox.afm.AFMParser::parseCharMetric (710 bytes)


---------------  P R O C E S S  ---------------

Java Threads: ( => current thread )
  0x000000001d82e000 JavaThread "Java2D Disposer" daemon [_thread_blocked, id=25848, stack(0x00000000200d0000,0x00000000201d0000)]
  0x000000001d803000 JavaThread "Service Thread" daemon [_thread_blocked, id=19428, stack(0x000000001de80000,0x000000001df80000)]
=>0x000000001d777800 JavaThread "C1 CompilerThread2" daemon [_thread_in_native, id=44084, stack(0x000000001dbb0000,0x000000001dcb0000)]
  0x000000001d771000 JavaThread "C2 CompilerThread1" daemon [_thread_in_native, id=32356, stack(0x000000001dce0000,0x000000001dde0000)]
  0x000000001bd3a000 JavaThread "C2 CompilerThread0" daemon [_thread_in_native, id=16664, stack(0x000000001d670000,0x000000001d770000)]
  0x000000001bd38000 JavaThread "Attach Listener" daemon [_thread_blocked, id=35820, stack(0x000000001d4f0000,0x000000001d5f0000)]
  0x000000001bd3f000 JavaThread "Signal Dispatcher" daemon [_thread_blocked, id=24548, stack(0x000000001d290000,0x000000001d390000)]
  0x000000001bd1e000 JavaThread "Finalizer" daemon [_thread_blocked, id=27056, stack(0x000000001d090000,0x000000001d190000)]
  0x000000001bcd7000 JavaThread "Reference Handler" daemon [_thread_blocked, id=7444, stack(0x000000001cf70000,0x000000001d070000)]
  0x00000000021eb000 JavaThread "main" [_thread_in_Java, id=13044, stack(0x0000000002370000,0x0000000002470000)]

Other Threads:
  0x000000001bccf800 VMThread [stack: 0x000000001cdc0000,0x000000001cec0000] [id=38980]
  0x000000001d831800 WatcherThread [stack: 0x000000001d3f0000,0x000000001d4f0000] [id=41780]

VM state:not at safepoint (normal execution)

VM Mutex/Monitor currently owned by a thread: None

heap address: 0x00000006c0000000, size: 4096 MB, Compressed Oops mode: Zero based, Oop shift amount: 3
Narrow klass base: 0x0000000000000000, Narrow klass shift: 3
Compressed class space size: 1073741824 Address: 0x00000007c0000000

Heap:
 PSYoungGen      total 76288K, used 53275K [0x000000076ab00000, 0x0000000772b80000, 0x00000007c0000000)
  eden space 65536K, 81% used [0x000000076ab00000,0x000000076df06dc0,0x000000076eb00000)
  from space 10752K, 0% used [0x000000076eb00000,0x000000076eb00000,0x000000076f580000)
  to   space 10752K, 0% used [0x000000076f580000,0x000000076f580000,0x0000000770000000)
 ParOldGen       total 109056K, used 102533K [0x00000006c0000000, 0x00000006c6a80000, 0x000000076ab00000)
  object space 109056K, 94% used [0x00000006c0000000,0x00000006c64216b8,0x00000006c6a80000)
 Metaspace       used 16703K, capacity 16898K, committed 17280K, reserved 1067008K
  class space    used 2021K, capacity 2093K, committed 2176K, reserved 1048576K

Card table byte_map: [0x0000000011830000,0x0000000012040000] byte_map_base: 0x000000000e230000

Marking Bits: (ParMarkBitMap*) 0x0000000063c04ce0
 Begin Bits: [0x0000000012b40000, 0x0000000016b40000)
 End Bits:   [0x0000000016b40000, 0x000000001ab40000)

Polling page: 0x0000000001c70000

CodeCache: size=245760Kb used=5559Kb max_used=5563Kb free=240200Kb
 bounds [0x0000000002470000, 0x00000000029f0000, 0x0000000011470000]
 total_blobs=1901 nmethods=1493 adapters=321
 compilation: enabled

Compilation events (10 events):
Event: 6.787 Thread 0x000000001d777800 nmethod 1508 0x00000000029defd0 code [0x00000000029df120, 0x00000000029df2d0]
Event: 6.787 Thread 0x000000001d777800 1509       3       org.apache.fontbox.util.BoundingBox::setLowerLeftX (6 bytes)
Event: 6.787 Thread 0x000000001d777800 nmethod 1509 0x00000000029c41d0 code [0x00000000029c4320, 0x00000000029c4470]
Event: 6.787 Thread 0x000000001d777800 1510       3       org.apache.fontbox.util.BoundingBox::setLowerLeftY (6 bytes)
Event: 6.787 Thread 0x000000001d777800 nmethod 1510 0x00000000029df390 code [0x00000000029df4e0, 0x00000000029df630]
Event: 6.787 Thread 0x000000001d777800 1506       3       java.lang.Integer::parseInt (7 bytes)
Event: 6.787 Thread 0x000000001d777800 nmethod 1506 0x00000000029df6d0 code [0x00000000029df840, 0x00000000029df9a8]
Event: 6.790 Thread 0x000000001bd3a000 nmethod 1503 0x00000000029e2950 code [0x00000000029e2aa0, 0x00000000029e2d98]
Event: 6.790 Thread 0x000000001bd3a000 1504       4       java.util.StringTokenizer::nextToken (92 bytes)
Event: 6.793 Thread 0x000000001d777800 1513   !   3       org.apache.fontbox.afm.AFMParser::parseCharMetric (710 bytes)

GC Heap History (10 events):
Event: 3.137 GC heap before
{Heap before GC invocations=1 (full 0):
 PSYoungGen      total 76288K, used 46138K [0x000000076ab00000, 0x0000000770000000, 0x00000007c0000000)
  eden space 65536K, 70% used [0x000000076ab00000,0x000000076d80ea30,0x000000076eb00000)
  from space 10752K, 0% used [0x000000076f580000,0x000000076f580000,0x0000000770000000)
  to   space 10752K, 0% used [0x000000076eb00000,0x000000076eb00000,0x000000076f580000)
 ParOldGen       total 175104K, used 0K [0x00000006c0000000, 0x00000006cab00000, 0x000000076ab00000)
  object space 175104K, 0% used [0x00000006c0000000,0x00000006c0000000,0x00000006cab00000)
 Metaspace       used 10612K, capacity 10724K, committed 10880K, reserved 1064960K
  class space    used 1260K, capacity 1318K, committed 1408K, reserved 1048576K
Event: 3.170 GC heap after
Heap after GC invocations=1 (full 0):
 PSYoungGen      total 76288K, used 7560K [0x000000076ab00000, 0x0000000770000000, 0x00000007c0000000)
  eden space 65536K, 0% used [0x000000076ab00000,0x000000076ab00000,0x000000076eb00000)
  from space 10752K, 70% used [0x000000076eb00000,0x000000076f262008,0x000000076f580000)
  to   space 10752K, 0% used [0x000000076f580000,0x000000076f580000,0x0000000770000000)
 ParOldGen       total 175104K, used 80K [0x00000006c0000000, 0x00000006cab00000, 0x000000076ab00000)
  object space 175104K, 0% used [0x00000006c0000000,0x00000006c0014028,0x00000006cab00000)
 Metaspace       used 10612K, capacity 10724K, committed 10880K, reserved 1064960K
  class space    used 1260K, capacity 1318K, committed 1408K, reserved 1048576K
}
Event: 3.170 GC heap before
{Heap before GC invocations=2 (full 1):
 PSYoungGen      total 76288K, used 7560K [0x000000076ab00000, 0x0000000770000000, 0x00000007c0000000)
  eden space 65536K, 0% used [0x000000076ab00000,0x000000076ab00000,0x000000076eb00000)
  from space 10752K, 70% used [0x000000076eb00000,0x000000076f262008,0x000000076f580000)
  to   space 10752K, 0% used [0x000000076f580000,0x000000076f580000,0x0000000770000000)
 ParOldGen       total 175104K, used 80K [0x00000006c0000000, 0x00000006cab00000, 0x000000076ab00000)
  object space 175104K, 0% used [0x00000006c0000000,0x00000006c0014028,0x00000006cab00000)
 Metaspace       used 10612K, capacity 10724K, committed 10880K, reserved 1064960K
  class space    used 1260K, capacity 1318K, committed 1408K, reserved 1048576K
Event: 3.210 GC heap after
Heap after GC invocations=2 (full 1):
 PSYoungGen      total 76288K, used 0K [0x000000076ab00000, 0x0000000770000000, 0x00000007c0000000)
  eden space 65536K, 0% used [0x000000076ab00000,0x000000076ab00000,0x000000076eb00000)
  from space 10752K, 0% used [0x000000076eb00000,0x000000076eb00000,0x000000076f580000)
  to   space 10752K, 0% used [0x000000076f580000,0x000000076f580000,0x0000000770000000)
 ParOldGen       total 109056K, used 7309K [0x00000006c0000000, 0x00000006c6a80000, 0x000000076ab00000)
  object space 109056K, 6% used [0x00000006c0000000,0x00000006c0723788,0x00000006c6a80000)
 Metaspace       used 10612K, capacity 10724K, committed 10880K, reserved 1062912K
  class space    used 1260K, capacity 1318K, committed 1408K, reserved 1048576K
}
Event: 4.797 GC heap before
{Heap before GC invocations=3 (full 1):
 PSYoungGen      total 76288K, used 65536K [0x000000076ab00000, 0x0000000770000000, 0x00000007c0000000)
  eden space 65536K, 100% used [0x000000076ab00000,0x000000076eb00000,0x000000076eb00000)
  from space 10752K, 0% used [0x000000076eb00000,0x000000076eb00000,0x000000076f580000)
  to   space 10752K, 0% used [0x000000076f580000,0x000000076f580000,0x0000000770000000)
 ParOldGen       total 109056K, used 7309K [0x00000006c0000000, 0x00000006c6a80000, 0x000000076ab00000)
  object space 109056K, 6% used [0x00000006c0000000,0x00000006c0723788,0x00000006c6a80000)
 Metaspace       used 13685K, capacity 13904K, committed 14208K, reserved 1064960K
  class space    used 1712K, capacity 1800K, committed 1920K, reserved 1048576K
Event: 4.866 GC heap after
Heap after GC invocations=3 (full 1):
 PSYoungGen      total 76288K, used 10733K [0x000000076ab00000, 0x0000000772b80000, 0x00000007c0000000)
  eden space 65536K, 0% used [0x000000076ab00000,0x000000076ab00000,0x000000076eb00000)
  from space 10752K, 99% used [0x000000076f580000,0x000000076fffb690,0x0000000770000000)
  to   space 10752K, 0% used [0x000000076eb00000,0x000000076eb00000,0x000000076f580000)
 ParOldGen       total 109056K, used 35413K [0x00000006c0000000, 0x00000006c6a80000, 0x000000076ab00000)
  object space 109056K, 32% used [0x00000006c0000000,0x00000006c2295730,0x00000006c6a80000)
 Metaspace       used 13685K, capacity 13904K, committed 14208K, reserved 1064960K
  class space    used 1712K, capacity 1800K, committed 1920K, reserved 1048576K
}
Event: 4.989 GC heap before
{Heap before GC invocations=4 (full 1):
 PSYoungGen      total 76288K, used 76269K [0x000000076ab00000, 0x0000000772b80000, 0x00000007c0000000)
  eden space 65536K, 100% used [0x000000076ab00000,0x000000076eb00000,0x000000076eb00000)
  from space 10752K, 99% used [0x000000076f580000,0x000000076fffb690,0x0000000770000000)
  to   space 10752K, 0% used [0x000000076eb00000,0x000000076eb00000,0x000000076f580000)
 ParOldGen       total 109056K, used 35413K [0x00000006c0000000, 0x00000006c6a80000, 0x000000076ab00000)
  object space 109056K, 32% used [0x00000006c0000000,0x00000006c2295730,0x00000006c6a80000)
 Metaspace       used 14005K, capacity 14192K, committed 14464K, reserved 1064960K
  class space    used 1743K, capacity 1832K, committed 1920K, reserved 1048576K
Event: 5.075 GC heap after
Heap after GC invocations=4 (full 1):
 PSYoungGen      total 76288K, used 10744K [0x000000076ab00000, 0x0000000772b80000, 0x00000007c0000000)
  eden space 65536K, 0% used [0x000000076ab00000,0x000000076ab00000,0x000000076eb00000)
  from space 10752K, 99% used [0x000000076eb00000,0x000000076f57e068,0x000000076f580000)
  to   space 10752K, 0% used [0x000000076f580000,0x000000076f580000,0x0000000770000000)
 ParOldGen       total 109056K, used 97508K [0x00000006c0000000, 0x00000006c6a80000, 0x000000076ab00000)
  object space 109056K, 89% used [0x00000006c0000000,0x00000006c5f39160,0x00000006c6a80000)
 Metaspace       used 14005K, capacity 14192K, committed 14464K, reserved 1064960K
  class space    used 1743K, capacity 1832K, committed 1920K, reserved 1048576K
}
Event: 5.075 GC heap before
{Heap before GC invocations=5 (full 2):
 PSYoungGen      total 76288K, used 10744K [0x000000076ab00000, 0x0000000772b80000, 0x00000007c0000000)
  eden space 65536K, 0% used [0x000000076ab00000,0x000000076ab00000,0x000000076eb00000)
  from space 10752K, 99% used [0x000000076eb00000,0x000000076f57e068,0x000000076f580000)
  to   space 10752K, 0% used [0x000000076f580000,0x000000076f580000,0x0000000770000000)
 ParOldGen       total 109056K, used 97508K [0x00000006c0000000, 0x00000006c6a80000, 0x000000076ab00000)
  object space 109056K, 89% used [0x00000006c0000000,0x00000006c5f39160,0x00000006c6a80000)
 Metaspace       used 14005K, capacity 14192K, committed 14464K, reserved 1064960K
  class space    used 1743K, capacity 1832K, committed 1920K, reserved 1048576K
Event: 5.206 GC heap after
Heap after GC invocations=5 (full 2):
 PSYoungGen      total 76288K, used 0K [0x000000076ab00000, 0x0000000772b80000, 0x00000007c0000000)
  eden space 65536K, 0% used [0x000000076ab00000,0x000000076ab00000,0x000000076eb00000)
  from space 10752K, 0% used [0x000000076eb00000,0x000000076eb00000,0x000000076f580000)
  to   space 10752K, 0% used [0x000000076f580000,0x000000076f580000,0x0000000770000000)
 ParOldGen       total 109056K, used 102533K [0x00000006c0000000, 0x00000006c6a80000, 0x000000076ab00000)
  object space 109056K, 94% used [0x00000006c0000000,0x00000006c64216b8,0x00000006c6a80000)
 Metaspace       used 14005K, capacity 14192K, committed 14464K, reserved 1064960K
  class space    used 1743K, capacity 1832K, committed 1920K, reserved 1048576K
}

Deoptimization events (10 events):
Event: 6.140 Thread 0x00000000021eb000 Uncommon trap: reason=class_check action=maybe_recompile pc=0x0000000002753110 method=java.util.HashMap.putVal(ILjava/lang/Object;Ljava/lang/Object;ZZ)Ljava/lang/Object; @ 253
Event: 6.181 Thread 0x00000000021eb000 Uncommon trap: reason=unstable_if action=reinterpret pc=0x0000000002953228 method=org.apache.pdfbox.io.RandomAccessBufferedFileInputStream.read()I @ 22
Event: 6.185 Thread 0x00000000021eb000 Uncommon trap: reason=unstable_if action=reinterpret pc=0x0000000002958b90 method=java.util.HashMap.putVal(ILjava/lang/Object;Ljava/lang/Object;ZZ)Ljava/lang/Object; @ 162
Event: 6.185 Thread 0x00000000021eb000 Uncommon trap: reason=unstable_if action=reinterpret pc=0x000000000274c668 method=java.util.HashMap.getNode(ILjava/lang/Object;)Ljava/util/HashMap$Node; @ 84
Event: 6.525 Thread 0x00000000021eb000 Uncommon trap: reason=bimorphic action=maybe_recompile pc=0x00000000029b0528 method=java.util.HashMap.putVal(ILjava/lang/Object;Ljava/lang/Object;ZZ)Ljava/lang/Object; @ 91
Event: 6.639 Thread 0x00000000021eb000 Uncommon trap: reason=class_check action=maybe_recompile pc=0x000000000274d0c4 method=java.io.FilterInputStream.read()I @ 4
Event: 6.639 Thread 0x00000000021eb000 Uncommon trap: reason=class_check action=maybe_recompile pc=0x000000000274d0c4 method=java.io.FilterInputStream.read()I @ 4
Event: 6.639 Thread 0x00000000021eb000 Uncommon trap: reason=class_check action=maybe_recompile pc=0x000000000274d0c4 method=java.io.FilterInputStream.read()I @ 4
Event: 6.639 Thread 0x00000000021eb000 Uncommon trap: reason=class_check action=maybe_recompile pc=0x000000000274d0c4 method=java.io.FilterInputStream.read()I @ 4
Event: 6.773 Thread 0x00000000021eb000 Uncommon trap: reason=unstable_if action=reinterpret pc=0x00000000029bf0f4 method=java.lang.Integer.parseInt(Ljava/lang/String;I)I @ 122

Classes redefined (0 events):
No events

Internal exceptions (10 events):
Event: 1.282 Thread 0x00000000021eb000 Exception <a 'java/security/PrivilegedActionException'> (0x000000076b4387d8) thrown at [C:\re\workspace\8-2-build-windows-amd64-cygwin\jdk8u201\12322\hotspot\src\share\vm\prims\jvm.cpp, line 1502]
Event: 1.282 Thread 0x00000000021eb000 Exception <a 'java/security/PrivilegedActionException'> (0x000000076b438bd0) thrown at [C:\re\workspace\8-2-build-windows-amd64-cygwin\jdk8u201\12322\hotspot\src\share\vm\prims\jvm.cpp, line 1502]
Event: 1.283 Thread 0x00000000021eb000 Exception <a 'java/security/PrivilegedActionException'> (0x000000076b43cc10) thrown at [C:\re\workspace\8-2-build-windows-amd64-cygwin\jdk8u201\12322\hotspot\src\share\vm\prims\jvm.cpp, line 1502]
Event: 1.283 Thread 0x00000000021eb000 Exception <a 'java/security/PrivilegedActionException'> (0x000000076b43d008) thrown at [C:\re\workspace\8-2-build-windows-amd64-cygwin\jdk8u201\12322\hotspot\src\share\vm\prims\jvm.cpp, line 1502]
Event: 1.388 Thread 0x00000000021eb000 Exception <a 'java/lang/NoSuchFieldError': method resolution failed> (0x000000076b6c0640) thrown at [C:\re\workspace\8-2-build-windows-amd64-cygwin\jdk8u201\12322\hotspot\src\share\vm\prims\methodHandles.cpp, line 1167]
Event: 1.390 Thread 0x00000000021eb000 Exception <a 'java/lang/NoSuchFieldError': method resolution failed> (0x000000076b6cd960) thrown at [C:\re\workspace\8-2-build-windows-amd64-cygwin\jdk8u201\12322\hotspot\src\share\vm\prims\methodHandles.cpp, line 1167]
Event: 3.981 Thread 0x00000000021eb000 Implicit null exception at 0x000000000273c396 to 0x000000000273c735
Event: 4.720 Thread 0x00000000021eb000 Implicit null exception at 0x00000000028ef855 to 0x00000000028f1941
Event: 5.207 Thread 0x00000000021eb000 Implicit null exception at 0x000000000268ef96 to 0x000000000268f331
Event: 5.636 Thread 0x00000000021eb000 Exception <a 'java/io/FileNotFoundException'> (0x000000076ab28b18) thrown at [C:\re\workspace\8-2-build-windows-amd64-cygwin\jdk8u201\12322\hotspot\src\share\vm\prims\jni.cpp, line 709]

Events (10 events):
Event: 6.745 loading class org/apache/fontbox/afm/FontMetrics done
Event: 6.749 loading class org/apache/fontbox/util/BoundingBox
Event: 6.749 loading class org/apache/fontbox/util/BoundingBox done
Event: 6.763 loading class org/apache/fontbox/afm/CharMetric
Event: 6.763 loading class org/apache/fontbox/afm/CharMetric done
Event: 6.769 loading class org/apache/fontbox/afm/Ligature
Event: 6.769 loading class org/apache/fontbox/afm/Ligature done
Event: 6.773 Thread 0x00000000021eb000 Uncommon trap: trap_request=0xffffff65 fr.pc=0x00000000029bf0f4
Event: 6.773 Thread 0x00000000021eb000 DEOPT PACKING pc=0x00000000029bf0f4 sp=0x000000000246dd40
Event: 6.773 Thread 0x00000000021eb000 DEOPT UNPACKING pc=0x00000000024b557b sp=0x000000000246dcc0 mode 2


Dynamic libraries:
0x000000013fbe0000 - 0x000000013fc17000 	C:\Program Files\Java\jre1.8.0_201\bin\javaw.exe
0x0000000077040000 - 0x00000000771e9000 	C:\Windows\SYSTEM32\ntdll.dll
0x0000000076f20000 - 0x000000007703f000 	C:\Windows\system32\kernel32.dll
0x000007fefd080000 - 0x000007fefd0eb000 	C:\Windows\system32\KERNELBASE.dll
0x000007fefe300000 - 0x000007fefe3db000 	C:\Windows\system32\ADVAPI32.dll
0x000007fefe0e0000 - 0x000007fefe17f000 	C:\Windows\system32\msvcrt.dll
0x000007fefd4c0000 - 0x000007fefd4df000 	C:\Windows\SYSTEM32\sechost.dll
0x000007fefdda0000 - 0x000007fefdecd000 	C:\Windows\system32\RPCRT4.dll
0x0000000076e20000 - 0x0000000076f1a000 	C:\Windows\system32\USER32.dll
0x000007fefdb70000 - 0x000007fefdbd7000 	C:\Windows\system32\GDI32.dll
0x000007fefd740000 - 0x000007fefd74e000 	C:\Windows\system32\LPK.dll
0x000007fefdbf0000 - 0x000007fefdcb9000 	C:\Windows\system32\USP10.dll
0x000007fefad50000 - 0x000007fefaf44000 	C:\Windows\WinSxS\amd64_microsoft.windows.common-controls_6595b64144ccf1df_6.0.7601.17514_none_fa396087175ac9ac\COMCTL32.dll
0x000007fefd360000 - 0x000007fefd3d1000 	C:\Windows\system32\SHLWAPI.dll
0x000007fefda80000 - 0x000007fefdaae000 	C:\Windows\system32\IMM32.DLL
0x000007fefd750000 - 0x000007fefd859000 	C:\Windows\system32\MSCTF.dll
0x000007fefcc90000 - 0x000007fefcced000 	C:\Program Files (x86)\Citrix\system32\MfApHook64.dll
0x000007fefcbf0000 - 0x000007fefcc8d000 	C:\Program Files (x86)\Citrix\system32\CtxMFPlugin64.dll
0x000007fefded0000 - 0x000007fefe0d3000 	C:\Windows\system32\ole32.dll
0x000007fefd3e0000 - 0x000007fefd4b7000 	C:\Windows\system32\OLEAUT32.dll
0x000007fefc7f0000 - 0x000007fefcbe1000 	C:\Windows\system32\MF.dll
0x000007fefc7d0000 - 0x000007fefc7e9000 	C:\Windows\system32\ATL.DLL
0x000007fefc760000 - 0x000007fefc7cc000 	C:\Windows\system32\MFPlat.DLL
0x000007fefda30000 - 0x000007fefda7d000 	C:\Windows\system32\WS2_32.dll
0x000007fefdbe0000 - 0x000007fefdbe8000 	C:\Windows\system32\NSI.dll
0x000007fefc750000 - 0x000007fefc759000 	C:\Windows\system32\AVRT.dll
0x000007fefc740000 - 0x000007fefc74c000 	C:\Windows\system32\VERSION.dll
0x0000000074d60000 - 0x0000000074d66000 	C:\Windows\system32\ksuser.dll
0x000007fefc700000 - 0x000007fefc733000 	C:\Program Files (x86)\Citrix\system32\CtxGraphicsHelper64.dll
0x000007feff170000 - 0x000007feff347000 	C:\Windows\system32\SETUPAPI.dll
0x000007fefd300000 - 0x000007fefd336000 	C:\Windows\system32\CFGMGR32.dll
0x000007fefd340000 - 0x000007fefd35a000 	C:\Windows\system32\DEVOBJ.dll
0x000007fefc640000 - 0x000007fefc6a5000 	C:\Program Files (x86)\Citrix\system32\mmhook64.dll
0x000007fefc5a0000 - 0x000007fefc5f1000 	C:\Program Files (x86)\Citrix\system32\Sfrhook64.dll
0x000007fefc6b0000 - 0x000007fefc6c1000 	C:\Windows\system32\WTSAPI32.dll
0x000007fefc600000 - 0x000007fefc636000 	C:\Program Files (x86)\Citrix\system32\ShellHook64.dll
0x000007fefe3e0000 - 0x000007feff168000 	C:\Windows\system32\SHELL32.dll
0x000007fefc420000 - 0x000007fefc598000 	C:\Program Files (x86)\Citrix\system32\scardhook64.dll
0x000007fefc3f0000 - 0x000007fefc418000 	C:\Program Files (x86)\Citrix\system32\cxinjime64.dll
0x0000000062300000 - 0x00000000623d1000 	C:\Program Files\Java\jre1.8.0_201\bin\msvcr100.dll
0x00000000633e0000 - 0x0000000063c84000 	C:\Program Files\Java\jre1.8.0_201\bin\server\jvm.dll
0x000007feecd40000 - 0x000007feecd49000 	C:\Windows\system32\WSOCK32.dll
0x000007fef9640000 - 0x000007fef967b000 	C:\Windows\system32\WINMM.dll
0x0000000077210000 - 0x0000000077217000 	C:\Windows\system32\PSAPI.DLL
0x000007feee550000 - 0x000007feee55f000 	C:\Program Files\Java\jre1.8.0_201\bin\verify.dll
0x000007fee8d10000 - 0x000007fee8d39000 	C:\Program Files\Java\jre1.8.0_201\bin\java.dll
0x000007feeb3a0000 - 0x000007feeb3b6000 	C:\Program Files\Java\jre1.8.0_201\bin\zip.dll
0x000007fefcf90000 - 0x000007fefcf9f000 	C:\Windows\system32\profapi.dll
0x000007fedf690000 - 0x000007fedf829000 	C:\Program Files\Java\jre1.8.0_201\bin\awt.dll
0x000007fee7fa0000 - 0x000007fee7fde000 	C:\Program Files\Java\jre1.8.0_201\bin\lcms.dll
0x000007fefa700000 - 0x000007fefa825000 	C:\Windows\system32\DBGHELP.DLL
0x000007fefced0000 - 0x000007fefcf27000 	C:\Windows\system32\apphelp.dll

VM Arguments:
jvm_args: -Dfile.encoding=UTF-8 
java_command: Invocie_Validation.Execute
java_class_path (initial): C:\Users\Praveen Kumar Voora\eclipse-workspace\INMARSAT BTP Regression\BTP_Regression\target\test-classes;C:\Users\Praveen Kumar Voora\eclipse-workspace\INMARSAT BTP Regression\BTP_Regression\target\classes;C:\Users\Praveen Kumar Voora\.p2\pool\plugins\org.testng_7.0.0.r201908191551.jar;C:\Users\Praveen Kumar Voora\.p2\pool\plugins\com.beust.jcommander_1.72.0.jar;C:\Users\Praveen Kumar Voora\.p2\pool\plugins\org.apache-extras.beanshell.bsh_2.0.0.b6.jar;C:\Users\Praveen Kumar Voora\.p2\pool\plugins\org.yaml.snakeyaml_1.21.0.jar;C:\Users\Praveen Kumar Voora\Downloads\xstream-1.3.1.jar;C:\Users\Praveen Kumar Voora\Downloads\java2word-3.3.jar;C:\Users\Trishita.Tadala\.m2\repository\org\seleniumhq\selenium\selenium-java\2.53.1\selenium-java-2.53.1.jar;C:\Users\Trishita.Tadala\.m2\repository\org\seleniumhq\selenium\selenium-chrome-driver\2.53.1\selenium-chrome-driver-2.53.1.jar;C:\Users\Trishita.Tadala\.m2\repository\org\seleniumhq\selenium\selenium-remote-driver\2.53.1\selenium-remote-driver-2.53.1.jar;C:\Users\Trishita.Tadala\.m2\repository\cglib\cglib-nodep\2.1_3\cglib-nodep-2.1_3.jar;C:\Users\Trishita.Tadala\.m2\repository\org\seleniumhq\selenium\selenium-api\2.53.1\selenium-api-2.53.1.jar;C:\Users\Trishita.Tadala\.m2\repository\com\google\guava\guava\19.0\guava-19.0.jar;C:\Users\Trishita.Tadala\.m2\repository\org\seleniumhq\selenium\selenium-edge-driver\2.53.1\selenium-edge-driver-2.53.1.jar;C:\Users\Trishita.Tadala\.m2\repository\commons-io\commons-io\2.4\commons-io-2.4.jar;C:\Users\Trishita.Tadala\.m2\repository\org\apache\commons\commons-exec\1.3\commons-exec-1.3.jar;C:\Users\Trishita.Tadala\.m2\repository\org\seleniumhq\selenium\htmlunit-driver\2.21\htmlunit-driver-2.21.jar;C:\Users\Trishita.Tadala\.m2\repository\net\sourceforge\htmlunit\htmlunit\2.21\htmlunit-2.21.jar;C:\Users\Trishita.Tadala\.m2\repository\xalan\xalan\2.7.2\xalan-2.7.2.jar;C:\Users\Trishita.Tadala\.m2\repository\xalan\serializer\2.7.2\serializer-2.7.2.jar;C:\Users\T
Launcher Type: SUN_STANDARD

Environment Variables:
JAVA_HOME=C:\Program Files\Java\jdk-13.0.1
PATH=C:/Program Files/Java/jre1.8.0_201/bin/server;C:/Program Files/Java/jre1.8.0_201/bin;C:/Program Files/Java/jre1.8.0_201/lib/amd64;C:\Program Files (x86)\Common Files\Oracle\Java\javapath;C:\ProgramData\Oracle\Java\javapath;C:\Windows\system32;C:\Windows;C:\Windows\System32\Wbem;C:\Windows\System32\WindowsPowerShell\v1.0\;C:\tuxedo\tuxedo12.1.1.0_VS2010\bin;C:\Program Files (x86)\Citrix\system32;C:\Program Files (x86)\PuTTY\;C:\Program Files\Microsoft SQL Server\Client SDK\ODBC\110\Tools\Binn\;C:\Program Files (x86)\Microsoft SQL Server\120\Tools\Binn\ManagementStudio\;C:\Program Files (x86)\Microsoft SQL Server\120\Tools\Binn\;C:\Program Files\Microsoft SQL Server\120\Tools\Binn\;C:\Program Files (x86)\Microsoft SQL Server\120\DTS\Binn\;C:\Program Files\Microsoft SQL Server\120\DTS\Binn\;C:\apache-maven-3.6.3-bin\apache-maven-3.6.3\bin;C:\Program Files\Java\jdk-13.0.1;C:\Users\Praveen Kumar Voora\eclipse\java-2019-12\eclipse;
USERNAME=Trishita.Tadala
OS=Windows_NT
PROCESSOR_IDENTIFIER=Intel64 Family 15 Model 6 Stepping 1, GenuineIntel



---------------  S Y S T E M  ---------------

OS: Windows Server 2008 R2 , 64 bit Build 7601 (6.1.7601.17514)

CPU:total 4 (initial active 4) (2 cores per cpu, 1 threads per core) family 15 model 6 stepping 1, cmov, cx8, fxsr, mmx, sse, sse2, sse3, ssse3, sse4.1, sse4.2, popcnt, avx, avx2, aes, clmul, erms, rtm, 3dnowpref, lzcnt, tsc, bmi1, bmi2, adx

Memory: 4k page, physical 16776668k(348252k free), swap 31517600k(447356k free)

vm_info: Java HotSpot(TM) 64-Bit Server VM (25.201-b09) for windows-amd64 JRE (1.8.0_201-b09), built on Dec 15 2018 18:36:39 by "java_re" with MS VC++ 10.0 (VS2010)

time: Tue Feb 11 19:37:05 2020
timezone: India Standard Time
elapsed time: 14 seconds (0d 0h 0m 14s)

